<?xml version="1.0" encoding="UTF-8"?>
<!-- Generated by org.testng.reporters.JUnitXMLReporter -->
<testsuite ignored="0" hostname="Ozole" failures="0" tests="3" name="Default test" time="12.788" errors="0" timestamp="2022-06-14T16:13:47 IST">
  <testcase classname="TestBase.TestBase" name="@BeforeMethod setupMethod" time="12.666">
    <failure type="java.lang.NullPointerException" message="Cannot invoke &amp;quot;pageObjects.AddPurchase.AddPurchase()&amp;quot; because &amp;quot;TestBase.TestBase.addPurchase&amp;quot; is null">
      <![CDATA[java.lang.NullPointerException: Cannot invoke "pageObjects.AddPurchase.AddPurchase()" because "TestBase.TestBase.addPurchase" is null
at TestBase.TestBase.LaunchBrowserAndNavigate(TestBase.java:36)
at TestBase.TestBase.setupMethod(TestBase.java:40)
at java.base/jdk.internal.reflect.DirectMethodHandleAccessor.invoke(DirectMethodHandleAccessor.java:104)
at java.base/java.lang.reflect.Method.invoke(Method.java:577)
at org.testng.internal.invokers.MethodInvocationHelper.invokeMethod(MethodInvocationHelper.java:135)
at org.testng.internal.invokers.MethodInvocationHelper.invokeMethodConsideringTimeout(MethodInvocationHelper.java:65)
at org.testng.internal.invokers.ConfigInvoker.invokeConfigurationMethod(ConfigInvoker.java:381)
at org.testng.internal.invokers.ConfigInvoker.invokeConfigurations(ConfigInvoker.java:319)
at org.testng.internal.invokers.TestInvoker.runConfigMethods(TestInvoker.java:803)
at org.testng.internal.invokers.TestInvoker.invokeMethod(TestInvoker.java:589)
at org.testng.internal.invokers.TestInvoker.invokeTestMethod(TestInvoker.java:220)
at org.testng.internal.invokers.MethodRunner.runInSequence(MethodRunner.java:50)
at org.testng.internal.invokers.TestInvoker$MethodInvocationAgent.invoke(TestInvoker.java:945)
at org.testng.internal.invokers.TestInvoker.invokeTestMethods(TestInvoker.java:193)
at org.testng.internal.invokers.TestMethodWorker.invokeTestMethods(TestMethodWorker.java:146)
at org.testng.internal.invokers.TestMethodWorker.run(TestMethodWorker.java:128)
at java.base/java.util.ArrayList.forEach(ArrayList.java:1511)
at org.testng.TestRunner.privateRun(TestRunner.java:808)
at org.testng.TestRunner.run(TestRunner.java:603)
at org.testng.SuiteRunner.runTest(SuiteRunner.java:429)
at org.testng.SuiteRunner.runSequentially(SuiteRunner.java:423)
at org.testng.SuiteRunner.privateRun(SuiteRunner.java:383)
at org.testng.SuiteRunner.run(SuiteRunner.java:326)
at org.testng.SuiteRunnerWorker.runSuite(SuiteRunnerWorker.java:52)
at org.testng.SuiteRunnerWorker.run(SuiteRunnerWorker.java:95)
at org.testng.TestNG.runSuitesSequentially(TestNG.java:1249)
at org.testng.TestNG.runSuitesLocally(TestNG.java:1169)
at org.testng.TestNG.runSuites(TestNG.java:1092)
at org.testng.TestNG.run(TestNG.java:1060)
at org.testng.remote.AbstractRemoteTestNG.run(AbstractRemoteTestNG.java:115)
at org.testng.remote.RemoteTestNG.initAndRun(RemoteTestNG.java:251)
at org.testng.remote.RemoteTestNG.main(RemoteTestNG.java:77)
]]>
    </failure>
  </testcase> <!-- @BeforeMethod setupMethod -->
  <testcase classname="TestBase.TestBase" name="@AfterMethod Execution" time="0.0">
    <skipped/>
  </testcase> <!-- @AfterMethod Execution -->
  <testcase classname="TestBase.TestBase" name="@BeforeMethod setupMethod" time="0.0">
    <skipped/>
  </testcase> <!-- @BeforeMethod setupMethod -->
  <testcase classname="TestBase.TestBase" name="@AfterMethod Execution" time="0.0">
    <skipped/>
  </testcase> <!-- @AfterMethod Execution -->
  <testcase classname="TestBase.TestBase" name="@BeforeMethod setupMethod" time="0.0">
    <skipped/>
  </testcase> <!-- @BeforeMethod setupMethod -->
  <testcase classname="TestBase.TestBase" name="@AfterMethod Execution" time="0.0">
    <skipped/>
  </testcase> <!-- @AfterMethod Execution -->
  <testcase classname="Sales.AddSale_EndToEnd" name="insuranceCalculate" time="0.0">
    <skipped/>
  </testcase> <!-- insuranceCalculate -->
  <testcase classname="Sales.AddSale_EndToEnd" name="insuranceCalculate" time="0.0">
    <skipped/>
  </testcase> <!-- insuranceCalculate -->
  <testcase classname="TestBase.TestBase" name="LaunchBrowserAndNavigate" time="0.0">
    <skipped/>
  </testcase> <!-- LaunchBrowserAndNavigate -->
</testsuite> <!-- Default test -->
